{
  "stats": {
    "suites": 1,
    "tests": 3,
    "passes": 3,
    "pending": 0,
    "failures": 0,
    "start": "2025-12-25T16:30:11.589Z",
    "end": "2025-12-25T16:30:16.485Z",
    "duration": 4896,
    "testsRegistered": 3,
    "passPercent": 100,
    "pendingPercent": 0,
    "other": 0,
    "hasOther": false,
    "skipped": 0,
    "hasSkipped": false
  },
  "results": [
    {
      "uuid": "860bec06-1195-4455-a801-46111fd874f6",
      "title": "",
      "fullFile": "C:\\Users\\Reky frans\\OneDrive\\Desktop\\Bootcamp QA Engineer\\QuisdanTugas\\Sesi9\\TugasBatch13_Sesi9_DigitalSkola\\tugas\\tugas-sesi9.js",
      "file": "\\tugas\\tugas-sesi9.js",
      "beforeHooks": [],
      "afterHooks": [],
      "tests": [],
      "suites": [
        {
          "uuid": "217d99d7-4852-43b1-b5ca-2234dbdd45dd",
          "title": "Google Search Test",
          "fullFile": "C:\\Users\\Reky frans\\OneDrive\\Desktop\\Bootcamp QA Engineer\\QuisdanTugas\\Sesi9\\TugasBatch13_Sesi9_DigitalSkola\\tugas\\tugas-sesi9.js",
          "file": "\\tugas\\tugas-sesi9.js",
          "beforeHooks": [],
          "afterHooks": [],
          "tests": [
            {
              "title": "Visit & Login SauceDemo",
              "fullTitle": "Google Search Test Visit & Login SauceDemo",
              "timedOut": false,
              "duration": 2330,
              "state": "passed",
              "speed": "slow",
              "pass": true,
              "fail": false,
              "pending": false,
              "context": null,
              "code": "driver = await new Builder().forBrowser('chrome').build();\nawait driver.get('https://www.saucedemo.com');\n\n//Input field untuk Login\nlet inputUsername = await driver.findElement(By.css('[data-test=\"username\"]'))\nlet inputPassword = await driver.findElement(By.xpath('//*[@data-test=\"password\"]'))\nlet buttonLogin = await driver.findElement(By.className('submit-button btn_action'))\n\n//Action untuk Login\nawait inputUsername.sendKeys('standard_user')\nawait inputPassword.sendKeys('secret_sauce')\nawait buttonLogin.click()\n//menampilkan elemen \nlet buttonCart = await driver.wait(\n    until.elementLocated(By.xpath('//*[@data-test=\"shopping-cart-link\"]')), \n    10000\n);\nawait driver.wait(until.elementIsVisible(buttonCart), 500000, 'Berhasil Login Shopping cart tampil');\n// Assert\nawait buttonCart.isDisplayed()",
              "err": {},
              "uuid": "15788895-9fc4-4729-ad3b-9ece6b78824b",
              "parentUUID": "217d99d7-4852-43b1-b5ca-2234dbdd45dd",
              "isHook": false,
              "skipped": false
            },
            {
              "title": "Sort Z-A",
              "fullTitle": "Google Search Test Sort Z-A",
              "timedOut": false,
              "duration": 1272,
              "state": "passed",
              "speed": "slow",
              "pass": true,
              "fail": false,
              "pending": false,
              "context": null,
              "code": "//Sort Z-A\nlet Header1 = await driver.findElement(By.xpath('//*[@id=\"header_container\"]/div[2]/div/span'))\nlet Header2 = await driver.findElement(By.xpath('//*[@id=\"header_container\"]/div[2]/div/span/select')) \nlet dropdownSortAtoZ = await driver.findElement(By.xpath('//*[@id=\"header_container\"]/div[2]/div/span/select/option[2]'))\n    \n//Action Sort\nawait Header1.click()\nawait Header2.click()\nawait dropdownSortAtoZ.click()    \nawait delay(1000) // Jeda 1 detik",
              "err": {},
              "uuid": "d335074d-3b29-4e65-8cf4-af99629e3695",
              "parentUUID": "217d99d7-4852-43b1-b5ca-2234dbdd45dd",
              "isHook": false,
              "skipped": false
            },
            {
              "title": "Sort A-Z",
              "fullTitle": "Google Search Test Sort A-Z",
              "timedOut": false,
              "duration": 1282,
              "state": "passed",
              "speed": "slow",
              "pass": true,
              "fail": false,
              "pending": false,
              "context": null,
              "code": "let Header1 = await driver.findElement(By.xpath('//*[@id=\"header_container\"]/div[2]/div/span'))\nlet Header2 = await driver.findElement(By.xpath('//*[@id=\"header_container\"]/div[2]/div/span/select')) \nlet dropdownSortAtoZ = await driver.findElement(By.xpath('//*[@id=\"header_container\"]/div[2]/div/span/select/option[1]'))\n    \n//Action Sort\nawait Header1.click()\nawait Header2.click()\nawait dropdownSortAtoZ.click()    \nawait delay(1000) // Jeda 1 detik\nawait driver.quit();",
              "err": {},
              "uuid": "f960a2b9-429b-4ab3-9020-18a9ec72aa6c",
              "parentUUID": "217d99d7-4852-43b1-b5ca-2234dbdd45dd",
              "isHook": false,
              "skipped": false
            }
          ],
          "suites": [],
          "passes": [
            "15788895-9fc4-4729-ad3b-9ece6b78824b",
            "d335074d-3b29-4e65-8cf4-af99629e3695",
            "f960a2b9-429b-4ab3-9020-18a9ec72aa6c"
          ],
          "failures": [],
          "pending": [],
          "skipped": [],
          "duration": 4884,
          "root": false,
          "rootEmpty": false,
          "_timeout": 60000
        }
      ],
      "passes": [],
      "failures": [],
      "pending": [],
      "skipped": [],
      "duration": 0,
      "root": true,
      "rootEmpty": true,
      "_timeout": 60000
    }
  ],
  "meta": {
    "mocha": {
      "version": "10.8.2"
    },
    "mochawesome": {
      "options": {
        "quiet": false,
        "reportFilename": "mochawesome",
        "saveHtml": true,
        "saveJson": true,
        "consoleReporter": "spec",
        "useInlineDiffs": false,
        "code": true
      },
      "version": "7.1.4"
    },
    "marge": {
      "options": null,
      "version": "6.3.2"
    }
  }
}